<?xml version="1.0" encoding="UTF-8"?>
<!-- Generated by org.testng.reporters.JUnitXMLReporter -->
<testsuite ignored="0" hostname="LAPTOP-AT2OBN7U" failures="0" tests="5" name="Test" time="23.158" errors="0" timestamp="2024-02-15T20:41:06 IST">
  <testcase classname="functionality.TC_Car_1_Test" name="Audi" time="5.271"/>
  <testcase classname="functionality.TC_Car_2_Test" name="brently" time="2.791"/>
  <testcase classname="functionality.TC_Car_3_Test" name="rollsroyce" time="4.482"/>
  <testcase classname="functionality.TC_Car_4_Test" name="jeep" time="5.08"/>
  <testcase classname="functionality.TC_Car_5_Test" name="tata" time="5.49"/>
</testsuite> <!-- Test -->
