<?xml version="1.0" encoding="UTF-8"?>
<testng-results ignored="0" total="5" passed="5" failed="0" skipped="0">
  <reporter-output>
  </reporter-output>
  <suite started-at="2024-02-15T20:40:43 IST" name="Suite" finished-at="2024-02-15T20:41:06 IST" duration-ms="23158">
    <groups>
    </groups>
    <test started-at="2024-02-15T20:40:43 IST" name="Test" finished-at="2024-02-15T20:41:06 IST" duration-ms="23158">
      <class name="functionality.TC_Car_2_Test">
        <test-method signature="brently()[pri:0, instance:functionality.TC_Car_2_Test@3cc2931c]" started-at="2024-02-15T20:40:48 IST" name="brently" finished-at="2024-02-15T20:40:51 IST" duration-ms="2791" status="PASS">
          <reporter-output>
          </reporter-output>
        </test-method> <!-- brently -->
      </class> <!-- functionality.TC_Car_2_Test -->
      <class name="functionality.TC_Car_5_Test">
        <test-method signature="tata()[pri:0, instance:functionality.TC_Car_5_Test@60d8c9b7]" started-at="2024-02-15T20:41:00 IST" name="tata" finished-at="2024-02-15T20:41:06 IST" duration-ms="5490" status="PASS">
          <reporter-output>
          </reporter-output>
        </test-method> <!-- tata -->
      </class> <!-- functionality.TC_Car_5_Test -->
      <class name="functionality.TC_Car_1_Test">
        <test-method signature="Audi()[pri:0, instance:functionality.TC_Car_1_Test@59d016c9]" started-at="2024-02-15T20:40:43 IST" name="Audi" finished-at="2024-02-15T20:40:48 IST" duration-ms="5271" status="PASS">
          <reporter-output>
          </reporter-output>
        </test-method> <!-- Audi -->
      </class> <!-- functionality.TC_Car_1_Test -->
      <class name="functionality.TC_Car_4_Test">
        <test-method signature="jeep()[pri:0, instance:functionality.TC_Car_4_Test@3967e60c]" started-at="2024-02-15T20:40:55 IST" name="jeep" finished-at="2024-02-15T20:41:00 IST" duration-ms="5080" status="PASS">
          <reporter-output>
          </reporter-output>
        </test-method> <!-- jeep -->
      </class> <!-- functionality.TC_Car_4_Test -->
      <class name="functionality.TC_Car_3_Test">
        <test-method signature="rollsroyce()[pri:0, instance:functionality.TC_Car_3_Test@20d28811]" started-at="2024-02-15T20:40:51 IST" name="rollsroyce" finished-at="2024-02-15T20:40:55 IST" duration-ms="4482" status="PASS">
          <reporter-output>
          </reporter-output>
        </test-method> <!-- rollsroyce -->
      </class> <!-- functionality.TC_Car_3_Test -->
    </test> <!-- Test -->
  </suite> <!-- Suite -->
</testng-results>
