<?xml version="1.0" encoding="UTF-8"?>
<testng-results ignored="0" total="1" passed="1" failed="0" skipped="0">
  <reporter-output>
  </reporter-output>
  <suite started-at="2024-02-13T19:39:56 IST" name="Default suite" finished-at="2024-02-13T19:40:03 IST" duration-ms="6724">
    <groups>
    </groups>
    <test started-at="2024-02-13T19:39:56 IST" name="Default test" finished-at="2024-02-13T19:40:03 IST" duration-ms="6724">
      <class name="functionality.TC_Car_1_Test">
        <test-method signature="Audi()[pri:0, instance:functionality.TC_Car_1_Test@1cbbffcd]" started-at="2024-02-13T19:39:56 IST" name="Audi" finished-at="2024-02-13T19:40:03 IST" duration-ms="6654" status="PASS">
          <reporter-output>
          </reporter-output>
        </test-method> <!-- Audi -->
      </class> <!-- functionality.TC_Car_1_Test -->
    </test> <!-- Default test -->
  </suite> <!-- Default suite -->
</testng-results>
